<?xml version="1.0" encoding="UTF-8"?>
<testng-results skipped="0" failed="0" ignored="0" total="2" passed="2">
  <reporter-output>
  </reporter-output>
  <suite name="Default suite" duration-ms="2890" started-at="2023-07-09T05:53:30Z" finished-at="2023-07-09T05:53:33Z">
    <groups>
    </groups>
    <test name="Default test" duration-ms="2890" started-at="2023-07-09T05:53:30Z" finished-at="2023-07-09T05:53:33Z">
      <class name="restAPIXML.XMLTest">
        <test-method status="PASS" signature="test1()[pri:0, instance:restAPIXML.XMLTest@69b0fd6f]" name="test1" duration-ms="1764" started-at="2023-07-09T05:53:30Z" finished-at="2023-07-09T05:53:32Z">
          <reporter-output>
          </reporter-output>
        </test-method> <!-- test1 -->
        <test-method status="PASS" signature="test2()[pri:0, instance:restAPIXML.XMLTest@69b0fd6f]" name="test2" duration-ms="1087" started-at="2023-07-09T05:53:32Z" finished-at="2023-07-09T05:53:33Z">
          <reporter-output>
          </reporter-output>
        </test-method> <!-- test2 -->
      </class> <!-- restAPIXML.XMLTest -->
    </test> <!-- Default test -->
  </suite> <!-- Default suite -->
</testng-results>
